\BOOKMARK [0][-]{chapter*.2}{\376\377\000D\000\351\000d\000i\000c\000a\000c\000e}{}% 1
\BOOKMARK [0][-]{chapter*.3}{\376\377\000R\000e\000m\000e\000r\000c\000i\000e\000m\000e\000n\000t\000s}{}% 2
\BOOKMARK [0][-]{chapter*.4}{\376\377\000R\000\351\000s\000u\000m\000\351}{}% 3
\BOOKMARK [1][-]{section*.5}{}{chapter*.4}% 4
\BOOKMARK [0][-]{section*.5}{\376\377\000A\000b\000s\000t\000r\000a\000c\000t}{}% 5
\BOOKMARK [1][-]{section*.6}{}{section*.5}% 6
\BOOKMARK [0][-]{section*.7}{\376\377\000L\000i\000s\000t\000\040\000o\000f\000\040\000F\000i\000g\000u\000r\000e\000s}{}% 7
\BOOKMARK [0][-]{section*.8}{\376\377\000G\000l\000o\000s\000s\000a\000i\000r\000e}{}% 8
\BOOKMARK [0][-]{chapter*.10}{\376\377\000I\000n\000t\000r\000o\000d\000u\000c\000t\000i\000o\000n}{}% 9
\BOOKMARK [0][-]{chapter.1}{\376\377\000R\000e\000v\000u\000e\000\040\000d\000e\000\040\000l\000i\000t\000t\000\351\000r\000a\000t\000u\000r\000e}{}% 10
\BOOKMARK [1][-]{section*.11}{\376\377\000I\000n\000t\000r\000o\000d\000u\000c\000t\000i\000o\000n}{chapter.1}% 11
\BOOKMARK [1][-]{section.1.1}{\376\377\000P\000l\000a\000t\000e\000f\000o\000r\000m\000e\000\040\000d\000e\000\040\000d\000\351\000c\000l\000a\000r\000a\000t\000i\000o\000n\000\040\000d\000e\000\040\000v\000o\000l\000/\000p\000e\000r\000t\000e\000\040\040\023\000\040\000D\000G\000P\000R\000\040\000\050\000B\000\351\000n\000i\000n\000\051}{chapter.1}% 12
\BOOKMARK [2][-]{subsection.1.1.1}{\376\377\000F\000o\000n\000c\000t\000i\000o\000n\000n\000a\000l\000i\000t\000\351\000s}{section.1.1}% 13
\BOOKMARK [2][-]{subsection.1.1.2}{\376\377\000F\000o\000n\000c\000t\000i\000o\000n\000n\000a\000l\000i\000t\000\351\000s\000\040\000:}{section.1.1}% 14
\BOOKMARK [2][-]{subsection.1.1.3}{\376\377\000A\000v\000a\000n\000t\000a\000g\000e\000s\000\040\000:}{section.1.1}% 15
\BOOKMARK [2][-]{subsection.1.1.4}{\376\377\000L\000i\000m\000i\000t\000e\000s\000\040\000:}{section.1.1}% 16
\BOOKMARK [1][-]{section.1.2}{\376\377\000I\000n\000t\000e\000r\000p\000o\000l\000\040\040\023\000\040\000F\000i\000c\000h\000i\000e\000r\000\040\000d\000e\000s\000\040\000V\000\351\000h\000i\000c\000u\000l\000e\000s\000\040\000V\000o\000l\000\351\000s\000\040\000\050\000F\000V\000V\000\051}{chapter.1}% 17
\BOOKMARK [2][-]{subsection.1.2.1}{\376\377\000D\000e\000s\000c\000r\000i\000p\000t\000i\000o\000n\000\040\000:}{section.1.2}% 18
\BOOKMARK [2][-]{subsection.1.2.2}{\376\377\000F\000o\000n\000c\000t\000i\000o\000n\000n\000a\000l\000i\000t\000\351\000s\000\040\000:}{section.1.2}% 19
\BOOKMARK [2][-]{subsection.1.2.3}{\376\377\000A\000v\000a\000n\000t\000a\000g\000e\000s\000\040\000:}{section.1.2}% 20
\BOOKMARK [2][-]{subsection.1.2.4}{\376\377\000L\000i\000m\000i\000t\000e\000s\000\040\000:}{section.1.2}% 21
\BOOKMARK [1][-]{section.1.3}{\376\377\000D\000I\000G\000I\000T\000P\000O\000L\000\040\000A\000u\000t\000o\000m\000o\000b\000i\000l\000e\040\023\000\040\000E\000x\000p\000e\000r\000t\000i\000s\000e\000\040\000e\000t\000\040\000s\000\351\000c\000u\000r\000i\000t\000\351\000\040\000d\000e\000s\000\040\000v\000\351\000h\000i\000c\000u\000l\000e\000s}{chapter.1}% 22
\BOOKMARK [2][-]{subsection.1.3.1}{\376\377\000D\000e\000s\000c\000r\000i\000p\000t\000i\000o\000n}{section.1.3}% 23
\BOOKMARK [2][-]{subsection.1.3.2}{\376\377\000F\000o\000n\000c\000t\000i\000o\000n\000n\000a\000l\000i\000t\000\351\000s}{section.1.3}% 24
\BOOKMARK [2][-]{subsection.1.3.3}{\376\377\000A\000v\000a\000n\000t\000a\000g\000e\000s}{section.1.3}% 25
\BOOKMARK [2][-]{subsection.1.3.4}{\376\377\000L\000i\000m\000i\000t\000e\000s}{section.1.3}% 26
\BOOKMARK [1][-]{section.1.4}{\376\377\000E\000u\000r\000o\000p\000o\000l\000\040\040\023\000\040\000S\000c\000h\000e\000n\000g\000e\000n\000\040\000I\000n\000f\000o\000r\000m\000a\000t\000i\000o\000n\000\040\000S\000y\000s\000t\000e\000m\000\040\000\050\000S\000I\000S\000\040\000I\000I\000\051}{chapter.1}% 27
\BOOKMARK [2][-]{subsection.1.4.1}{\376\377\000D\000e\000s\000c\000r\000i\000p\000t\000i\000o\000n\000\040\000:}{section.1.4}% 28
\BOOKMARK [2][-]{subsection.1.4.2}{\376\377\000A\000v\000a\000n\000t\000a\000g\000e\000s\000\040\000:}{section.1.4}% 29
\BOOKMARK [2][-]{subsection.1.4.3}{\376\377\000L\000i\000m\000i\000t\000e\000s\000\040\000:}{section.1.4}% 30
\BOOKMARK [1][-]{section.1.5}{\376\377\000S\000e\000r\000v\000i\000c\000e\000\040\000P\000u\000b\000l\000i\000c\000\040\000F\000r\000a\000n\000c\000e\000\040\040\023\000\040\000D\000\351\000c\000l\000a\000r\000a\000t\000i\000o\000n\000\040\000d\000e\000\040\000v\000o\000l\000\040\000d\000e\000\040\000v\000\351\000h\000i\000c\000u\000l\000e}{chapter.1}% 31
\BOOKMARK [2][-]{subsection.1.5.1}{\376\377\000D\000e\000s\000c\000r\000i\000p\000t\000i\000o\000n\000\040\000:}{section.1.5}% 32
\BOOKMARK [2][-]{subsection.1.5.2}{\376\377\000F\000o\000n\000c\000t\000i\000o\000n\000n\000a\000l\000i\000t\000\351\000s}{section.1.5}% 33
\BOOKMARK [2][-]{subsection.1.5.3}{\376\377\000A\000v\000a\000n\000t\000a\000g\000e\000s}{section.1.5}% 34
\BOOKMARK [2][-]{subsection.1.5.4}{\376\377\000L\000i\000m\000i\000t\000e\000s}{section.1.5}% 35
\BOOKMARK [1][-]{section.1.6}{\376\377\000D\000\351\000c\000l\000a\000r\000a\000t\000i\000o\000n\000\040\000d\000e\000\040\000v\000o\000l\000\040\000d\000e\000\040\000v\000\351\000h\000i\000c\000u\000l\000e\000\040\040\023\000\040\000C\000o\000l\000l\000e\000c\000t\000i\000v\000i\000t\000\351\000\040\000d\000e\000\040\000S\000a\000i\000n\000t\000-\000M\000a\000r\000t\000i\000n}{chapter.1}% 36
\BOOKMARK [2][-]{subsection.1.6.1}{\376\377\000D\000e\000s\000c\000r\000i\000p\000t\000i\000o\000n\000\040\000:}{section.1.6}% 37
\BOOKMARK [2][-]{subsection.1.6.2}{\376\377\000A\000v\000a\000n\000t\000a\000g\000e\000s\000\040\000:}{section.1.6}% 38
\BOOKMARK [1][-]{section.1.7}{\376\377\000P\000l\000a\000t\000e\000f\000o\000r\000m\000e\000\040\000d\000e\000\040\000l\000a\000\040\000D\000i\000r\000e\000c\000t\000i\000o\000n\000\040\000G\000\351\000n\000\351\000r\000a\000l\000e\000\040\000d\000e\000\040\000l\000a\000\040\000P\000o\000l\000i\000c\000e\000\040\000R\000\351\000p\000u\000b\000l\000i\000c\000a\000i\000n\000e\000\040\000\050\000D\000G\000P\000R\000\040\040\023\000\040\000B\000\351\000n\000i\000n\000\051}{chapter.1}% 39
\BOOKMARK [1][-]{section.1.8}{\376\377\000B\000a\000s\000e\000\040\000d\000e\000\040\000d\000o\000n\000n\000\351\000e\000s\000\040\000d\000e\000s\000\040\000v\000\351\000h\000i\000c\000u\000l\000e\000s\000\040\000v\000o\000l\000\351\000s\000\040\000d\040\031\000I\000n\000t\000e\000r\000p\000o\000l\000\040\000\050\000S\000M\000V\000\051}{chapter.1}% 40
\BOOKMARK [1][-]{section.1.9}{\376\377\000D\000I\000G\000I\000T\000P\000O\000L\000\040\040\023\000\040\000B\000a\000s\000e\000\040\000i\000n\000t\000e\000r\000n\000a\000t\000i\000o\000n\000a\000l\000e\000\040\000p\000r\000i\000v\000\351\000e}{chapter.1}% 41
\BOOKMARK [1][-]{section.1.10}{\376\377\000S\000y\000s\000t\000\350\000m\000e\000\040\000d\040\031\000I\000n\000f\000o\000r\000m\000a\000t\000i\000o\000n\000\040\000S\000c\000h\000e\000n\000g\000e\000n\000\040\000\050\000S\000I\000S\000\040\000I\000I\000\040\040\023\000\040\000E\000u\000r\000o\000p\000o\000l\000\051}{chapter.1}% 42
\BOOKMARK [1][-]{section.1.11}{\376\377\000S\000e\000r\000v\000i\000c\000e\000\040\000P\000u\000b\000l\000i\000c\000\040\000F\000r\000a\000n\000c\000e}{chapter.1}% 43
\BOOKMARK [1][-]{section.1.12}{\376\377\000P\000l\000a\000t\000e\000f\000o\000r\000m\000e\000\040\000d\000e\000\040\000l\000a\000\040\000C\000o\000l\000l\000e\000c\000t\000i\000v\000i\000t\000\351\000\040\000d\000e\000\040\000S\000a\000i\000n\000t\000-\000M\000a\000r\000t\000i\000n}{chapter.1}% 44
\BOOKMARK [1][-]{section.1.13}{\376\377\000A\000n\000a\000l\000y\000s\000e\000\040\000t\000r\000a\000n\000s\000v\000e\000r\000s\000a\000l\000e\000\040\000:\000\040\000c\000o\000l\000l\000a\000b\000o\000r\000a\000t\000i\000o\000n\000\040\000e\000t\000\040\000s\000u\000i\000v\000i\000\040\000e\000n\000\040\000t\000e\000m\000p\000s\000\040\000r\000\351\000e\000l}{chapter.1}% 45
\BOOKMARK [1][-]{section.1.14}{\376\377\000T\000a\000b\000l\000e\000a\000u\000\040\000c\000o\000m\000p\000a\000r\000a\000t\000i\000f\000\040\000o\000r\000i\000e\000n\000t\000\351\000\040\000c\000o\000l\000l\000a\000b\000o\000r\000a\000t\000i\000o\000n\000\040\000c\000i\000t\000o\000y\000e\000n\000n\000e}{chapter.1}% 46
\BOOKMARK [1][-]{section.1.15}{\376\377\000S\000y\000n\000t\000h\000\350\000s\000e\000\040\000e\000t\000\040\000p\000o\000s\000i\000t\000i\000o\000n\000n\000e\000m\000e\000n\000t\000\040\000d\000u\000\040\000p\000r\000o\000j\000e\000t}{chapter.1}% 47
\BOOKMARK [1][-]{section.1.16}{\376\377\000G\000\351\000n\000\351\000r\000a\000l\000i\000t\000\351\000\040\000s\000u\000r\000\040\000l\000a\000\040\000g\000e\000s\000t\000i\000o\000n\000\040\000e\000t\000\040\000l\000e\000\040\000s\000u\000i\000v\000i\000\040\000d\000e\000s\000\040\000v\000o\000l\000s\000\040\000d\000e\000\040\000v\000\351\000h\000i\000c\000u\000l\000e\000s}{chapter.1}% 48
\BOOKMARK [2][-]{subsection.1.16.1}{\376\377\000D\000\351\000f\000i\000n\000i\000t\000i\000o\000n\000\040\000e\000t\000\040\000i\000m\000p\000o\000r\000t\000a\000n\000c\000e\000\040\000d\000u\000\040\000s\000u\000i\000v\000i\000\040\000d\000e\000s\000\040\000v\000\351\000h\000i\000c\000u\000l\000e\000s\000\040\000v\000o\000l\000\351\000s}{section.1.16}% 49
\BOOKMARK [2][-]{subsection.1.16.2}{\376\377\000C\000o\000m\000p\000o\000s\000a\000n\000t\000e\000s\000\040\000c\000l\000\351\000s\000\040\000d\000e\000s\000\040\000s\000y\000s\000t\000\350\000m\000e\000s\000\040\000d\000e\000\040\000g\000e\000s\000t\000i\000o\000n\000\040\000d\000e\000s\000\040\000v\000o\000l\000s\000\040\000d\000e\000\040\000v\000\351\000h\000i\000c\000u\000l\000e\000s}{section.1.16}% 50
\BOOKMARK [2][-]{subsection.1.16.3}{\376\377\000D\000\351\000f\000i\000s\000\040\000l\000i\000\351\000s\000\040\000a\000u\000\040\000s\000u\000i\000v\000i\000\040\000d\000e\000s\000\040\000v\000o\000l\000s\000\040\000d\000e\000\040\000v\000\351\000h\000i\000c\000u\000l\000e\000s}{section.1.16}% 51
\BOOKMARK [1][-]{section.1.17}{\376\377\000\311\000t\000u\000d\000e\000\040\000d\000e\000\040\000l\040\031\000e\000x\000i\000s\000t\000a\000n\000t}{chapter.1}% 52
\BOOKMARK [1][-]{section.1.18}{\376\377\000C\000o\000m\000p\000a\000r\000a\000i\000s\000o\000n\000\040\000d\000e\000s\000\040\000s\000o\000l\000u\000t\000i\000o\000n\000s\000\040\000e\000x\000i\000s\000t\000a\000n\000t\000e\000s}{chapter.1}% 53
\BOOKMARK [1][-]{section.1.19}{\376\377\000N\000o\000t\000r\000e\000\040\000s\000o\000l\000u\000t\000i\000o\000n}{chapter.1}% 54
\BOOKMARK [1][-]{section.1.20}{\376\377\000A\000n\000a\000l\000y\000s\000e\000\040\000c\000o\000m\000p\000a\000r\000a\000t\000i\000v\000e\000\040\000d\000e\000s\000\040\000p\000l\000a\000t\000e\000f\000o\000r\000m\000e\000s\000\040\000e\000x\000i\000s\000t\000a\000n\000t\000e\000s}{chapter.1}% 55
\BOOKMARK [1][-]{section.1.21}{\376\377\000G\000\351\000n\000\351\000r\000a\000l\000i\000t\000\351\000\040\000s\000u\000r\000\040\000l\000a\000\040\000g\000e\000s\000t\000i\000o\000n\000\040\000e\000t\000\040\000l\000e\000\040\000s\000u\000i\000v\000i\000\040\000d\000e\000s\000\040\000v\000o\000l\000s\000\040\000d\000e\000\040\000v\000\351\000h\000i\000c\000u\000l\000e\000s}{chapter.1}% 56
\BOOKMARK [2][-]{subsection.1.21.1}{\376\377\000I\000m\000p\000o\000r\000t\000a\000n\000c\000e\000\040\000d\000u\000\040\000s\000u\000i\000v\000i\000\040\000d\000e\000s\000\040\000v\000\351\000h\000i\000c\000u\000l\000e\000s\000\040\000v\000o\000l\000\351\000s}{section.1.21}% 57
\BOOKMARK [2][-]{subsection.1.21.2}{\376\377\000P\000r\000o\000c\000e\000s\000s\000u\000s\000\040\000d\000e\000\040\000d\000\351\000c\000l\000a\000r\000a\000t\000i\000o\000n\000\040\000e\000t\000\040\000d\000e\000\040\000g\000e\000s\000t\000i\000o\000n}{section.1.21}% 58
\BOOKMARK [1][-]{section.1.22}{\376\377\000P\000r\000\351\000s\000e\000n\000t\000a\000t\000i\000o\000n\000\040\000d\000e\000s\000\040\000p\000l\000a\000t\000e\000f\000o\000r\000m\000e\000s\000\040\000e\000x\000i\000s\000t\000a\000n\000t\000e\000s}{chapter.1}% 59
\BOOKMARK [2][-]{subsection.1.22.1}{\376\377\000P\000l\000a\000t\000e\000f\000o\000r\000m\000e\000s\000\040\000n\000a\000t\000i\000o\000n\000a\000l\000e\000s}{section.1.22}% 60
\BOOKMARK [2][-]{subsection.1.22.2}{\376\377\000P\000l\000a\000t\000e\000f\000o\000r\000m\000e\000s\000\040\000i\000n\000t\000e\000r\000n\000a\000t\000i\000o\000n\000a\000l\000e\000s}{section.1.22}% 61
\BOOKMARK [2][-]{subsection.1.22.3}{\376\377\000P\000l\000a\000t\000e\000f\000o\000r\000m\000e\000s\000\040\000p\000r\000i\000v\000\351\000e\000s\000\040\000e\000t\000\040\000h\000y\000b\000r\000i\000d\000e\000s}{section.1.22}% 62
\BOOKMARK [1][-]{section.1.23}{\376\377\000A\000n\000a\000l\000y\000s\000e\000\040\000c\000o\000m\000p\000a\000r\000a\000t\000i\000v\000e\000\040\000d\000e\000s\000\040\000s\000o\000l\000u\000t\000i\000o\000n\000s\000\040\000e\000x\000i\000s\000t\000a\000n\000t\000e\000s}{chapter.1}% 63
\BOOKMARK [2][-]{subsection.1.23.1}{\376\377\000C\000r\000i\000t\000\350\000r\000e\000s\000\040\000f\000o\000n\000c\000t\000i\000o\000n\000n\000e\000l\000s}{section.1.23}% 64
\BOOKMARK [2][-]{subsection.1.23.2}{\376\377\000I\000n\000t\000e\000r\000a\000c\000t\000i\000o\000n\000\040\000c\000i\000t\000o\000y\000e\000n\000n\000e}{section.1.23}% 65
\BOOKMARK [2][-]{subsection.1.23.3}{\376\377\000S\000u\000i\000v\000i\000\040\000e\000n\000\040\000t\000e\000m\000p\000s\000\040\000r\000\351\000e\000l\000\040\000e\000t\000\040\000n\000o\000t\000i\000f\000i\000c\000a\000t\000i\000o\000n\000s}{section.1.23}% 66
\BOOKMARK [1][-]{section.1.24}{\376\377\000L\000i\000m\000i\000t\000e\000s\000\040\000d\000e\000s\000\040\000s\000y\000s\000t\000\350\000m\000e\000s\000\040\000a\000c\000t\000u\000e\000l\000s}{chapter.1}% 67
\BOOKMARK [2][-]{subsection.1.24.1}{\376\377\000F\000a\000i\000b\000l\000e\000\040\000c\000o\000l\000l\000a\000b\000o\000r\000a\000t\000i\000o\000n\000\040\000c\000i\000t\000o\000y\000e\000n\000n\000e}{section.1.24}% 68
\BOOKMARK [2][-]{subsection.1.24.2}{\376\377\000M\000a\000n\000q\000u\000e\000\040\000d\000e\000\040\000v\000i\000s\000i\000b\000i\000l\000i\000t\000\351\000\040\000s\000u\000r\000\040\000l\000e\000\040\000s\000u\000i\000v\000i}{section.1.24}% 69
\BOOKMARK [2][-]{subsection.1.24.3}{\376\377\000A\000b\000s\000e\000n\000c\000e\000\040\000d\040\031\000i\000n\000t\000\351\000g\000r\000a\000t\000i\000o\000n\000\040\000d\000e\000s\000\040\000d\000o\000n\000n\000\351\000e\000s}{section.1.24}% 70
\BOOKMARK [1][-]{section.1.25}{\376\377\000S\000y\000n\000t\000h\000\350\000s\000e\000\040\000e\000t\000\040\000p\000o\000s\000i\000t\000i\000o\000n\000n\000e\000m\000e\000n\000t\000\040\000d\000u\000\040\000t\000r\000a\000v\000a\000i\000l}{chapter.1}% 71
\BOOKMARK [2][-]{subsection.1.25.1}{\376\377\000J\000u\000s\000t\000i\000f\000i\000c\000a\000t\000i\000o\000n\000\040\000d\000e\000\040\000l\000a\000\040\000s\000o\000l\000u\000t\000i\000o\000n\000\040\000p\000r\000o\000p\000o\000s\000\351\000e}{section.1.25}% 72
\BOOKMARK [1][-]{section.1.26}{\376\377\000C\000o\000n\000c\000l\000u\000s\000i\000o\000n}{chapter.1}% 73
\BOOKMARK [0][-]{chapter.2}{\376\377\000M\000o\000d\000\351\000l\000i\000s\000a\000t\000i\000o\000n\000\040\000e\000t\000\040\000C\000o\000m\000c\000e\000p\000t\000i\000o\000n\000\040\000U\000M\000L}{}% 74
\BOOKMARK [1][-]{section.2.1}{\376\377\000I\000n\000t\000r\000o\000d\000u\000c\000t\000i\000o\000n}{chapter.2}% 75
\BOOKMARK [1][-]{section.2.2}{\376\377\000U\000M\000L\000\040\000\050\000U\000n\000i\000f\000i\000e\000d\000\040\000M\000o\000d\000e\000l\000i\000n\000g\000\040\000L\000a\000n\000g\000u\000a\000g\000e\000\051}{chapter.2}% 76
\BOOKMARK [1][-]{section.2.3}{\376\377\000C\000h\000o\000i\000x\000\040\000d\000e\000\040\000l\000a\000\040\000m\000\351\000t\000h\000o\000d\000e\000\040\000d\000e\000\040\000m\000o\000d\000\351\000l\000i\000s\000a\000t\000i\000o\000n}{chapter.2}% 77
\BOOKMARK [1][-]{section.2.4}{\376\377\000M\000o\000d\000\351\000l\000i\000s\000a\000t\000i\000o\000n\000\040\000U\000M\000L}{chapter.2}% 78
\BOOKMARK [2][-]{subsection.2.4.1}{\376\377\000O\000u\000t\000i\000l\000s\000\040\000d\000e\000\040\000M\000o\000d\000\351\000l\000i\000s\000a\000t\000i\000o\000n}{section.2.4}% 79
\BOOKMARK [2][-]{subsection.2.4.2}{\376\377\000I\000d\000e\000n\000t\000i\000f\000i\000c\000a\000t\000i\000o\000n\000\040\000d\000e\000s\000